0 info it worked if it ends with ok
1 verbose cli [ 'node',
1 verbose cli   '/usr/local/bin/npm',
1 verbose cli   'install',
1 verbose cli   'fontawesome',
1 verbose cli   '--save' ]
2 info using npm@2.10.1
3 info using node@v0.12.4
4 verbose node symlink /usr/local/bin/node
5 verbose install initial load of /Users/lluk/Desktop/ICProject/drychat/package.json
6 verbose installManyTop reading scoped package data from /Users/lluk/Desktop/ICProject/drychat/node_modules/actionhero/package.json
7 verbose installManyTop reading scoped package data from /Users/lluk/Desktop/ICProject/drychat/node_modules/body-parser/package.json
8 verbose installManyTop reading scoped package data from /Users/lluk/Desktop/ICProject/drychat/node_modules/bootstrap-less/package.json
9 verbose installManyTop reading scoped package data from /Users/lluk/Desktop/ICProject/drychat/node_modules/express/package.json
10 verbose installManyTop reading scoped package data from /Users/lluk/Desktop/ICProject/drychat/node_modules/gulp/package.json
11 verbose installManyTop reading scoped package data from /Users/lluk/Desktop/ICProject/drychat/node_modules/gulp-browserify/package.json
12 verbose installManyTop reading scoped package data from /Users/lluk/Desktop/ICProject/drychat/node_modules/gulp-less/package.json
13 verbose installManyTop reading scoped package data from /Users/lluk/Desktop/ICProject/drychat/node_modules/gulp-nodemon/package.json
14 verbose installManyTop reading scoped package data from /Users/lluk/Desktop/ICProject/drychat/node_modules/jquery/package.json
15 verbose installManyTop reading scoped package data from /Users/lluk/Desktop/ICProject/drychat/node_modules/marked/package.json
16 verbose installManyTop reading scoped package data from /Users/lluk/Desktop/ICProject/drychat/node_modules/react/package.json
17 verbose installManyTop reading scoped package data from /Users/lluk/Desktop/ICProject/drychat/node_modules/reactify/package.json
18 verbose installManyTop reading scoped package data from /Users/lluk/Desktop/ICProject/drychat/node_modules/socket.io/package.json
19 verbose installManyTop reading scoped package data from /Users/lluk/Desktop/ICProject/drychat/node_modules/socket.io-client/package.json
20 info package.json jquery@2.1.4 No license field.
21 info package.json socket.io@1.3.5 No license field.
22 info package.json bootstrap-less@3.3.8 No license field.
23 verbose readDependencies loading dependencies from /Users/lluk/Desktop/ICProject/drychat/package.json
24 silly cache add args [ 'fontawesome', null ]
25 verbose cache add spec fontawesome
26 silly cache add parsed spec { raw: 'fontawesome',
26 silly cache add   scope: null,
26 silly cache add   name: 'fontawesome',
26 silly cache add   rawSpec: '',
26 silly cache add   spec: '*',
26 silly cache add   type: 'range' }
27 silly addNamed fontawesome@*
28 verbose addNamed "*" is a valid semver range for fontawesome
29 silly addNameRange { name: 'fontawesome', range: '*', hasData: false }
30 silly mapToRegistry name fontawesome
31 silly mapToRegistry using default registry
32 silly mapToRegistry registry https://registry.npmjs.org/
33 silly mapToRegistry uri https://registry.npmjs.org/fontawesome
34 verbose addNameRange registry:https://registry.npmjs.org/fontawesome not in flight; fetching
35 verbose request uri https://registry.npmjs.org/fontawesome
36 verbose request no auth needed
37 info attempt registry request try #1 at 01:07:01
38 verbose request id 6cf76e0ba9295cae
39 http request GET https://registry.npmjs.org/fontawesome
40 http 404 https://registry.npmjs.org/fontawesome
41 verbose headers { server: 'CouchDB/1.5.0 (Erlang OTP/R16B03)',
41 verbose headers   'content-type': 'application/json',
41 verbose headers   'cache-control': 'max-age=0',
41 verbose headers   'content-length': '51',
41 verbose headers   'accept-ranges': 'bytes',
41 verbose headers   date: 'Thu, 18 Jun 2015 05:07:01 GMT',
41 verbose headers   via: '1.1 varnish',
41 verbose headers   age: '0',
41 verbose headers   connection: 'keep-alive',
41 verbose headers   'x-served-by': 'cache-atl6225-ATL',
41 verbose headers   'x-cache': 'MISS',
41 verbose headers   'x-cache-hits': '0',
41 verbose headers   'x-timer': 'S1434604021.358715,VS0,VE117' }
42 silly get cb [ 404,
42 silly get   { server: 'CouchDB/1.5.0 (Erlang OTP/R16B03)',
42 silly get     'content-type': 'application/json',
42 silly get     'cache-control': 'max-age=0',
42 silly get     'content-length': '51',
42 silly get     'accept-ranges': 'bytes',
42 silly get     date: 'Thu, 18 Jun 2015 05:07:01 GMT',
42 silly get     via: '1.1 varnish',
42 silly get     age: '0',
42 silly get     connection: 'keep-alive',
42 silly get     'x-served-by': 'cache-atl6225-ATL',
42 silly get     'x-cache': 'MISS',
42 silly get     'x-cache-hits': '0',
42 silly get     'x-timer': 'S1434604021.358715,VS0,VE117' } ]
43 verbose stack Error: 404 Not Found: fontawesome
43 verbose stack     at CachingRegistryClient.<anonymous> (/usr/local/lib/node_modules/npm/node_modules/npm-registry-client/lib/request.js:245:14)
43 verbose stack     at Request._callback (/usr/local/lib/node_modules/npm/node_modules/npm-registry-client/lib/request.js:170:14)
43 verbose stack     at Request.self.callback (/usr/local/lib/node_modules/npm/node_modules/request/request.js:368:22)
43 verbose stack     at Request.emit (events.js:110:17)
43 verbose stack     at Request.<anonymous> (/usr/local/lib/node_modules/npm/node_modules/request/request.js:1219:14)
43 verbose stack     at Request.emit (events.js:129:20)
43 verbose stack     at IncomingMessage.<anonymous> (/usr/local/lib/node_modules/npm/node_modules/request/request.js:1167:12)
43 verbose stack     at IncomingMessage.emit (events.js:129:20)
43 verbose stack     at _stream_readable.js:908:16
43 verbose stack     at process._tickCallback (node.js:355:11)
44 verbose statusCode 404
45 verbose pkgid fontawesome
46 verbose cwd /Users/lluk/Desktop/ICProject/drychat
47 error Darwin 14.3.0
48 error argv "node" "/usr/local/bin/npm" "install" "fontawesome" "--save"
49 error node v0.12.4
50 error npm  v2.10.1
51 error code E404
52 error 404 Not Found: fontawesome
52 error 404
52 error 404 'fontawesome' is not in the npm registry.
52 error 404 You should bug the author to publish it (or use the name yourself!)
52 error 404 It was specified as a dependency of 'drychat'
52 error 404
52 error 404 Note that you can also install from a
52 error 404 tarball, folder, http url, or git url.
53 verbose exit [ 1, true ]
